<?xml version="1.0" encoding="UTF-8"?>
<testng-results ignored="0" total="11" passed="10" failed="1" skipped="0">
  <reporter-output>
  </reporter-output>
  <suite started-at="2021-11-14T15:08:00 IST" name="Suite1" finished-at="2021-11-14T15:13:14 IST" duration-ms="314037">
    <groups>
    </groups>
    <test started-at="2021-11-14T15:08:00 IST" name="Media" finished-at="2021-11-14T15:08:35 IST" duration-ms="35307">
      <class name="testcases.MediaRelase">
        <test-method signature="ValidImagesTest()[pri:1, instance:testcases.MediaRelase@4f2b503c]" started-at="2021-11-14T15:08:00 IST" name="ValidImagesTest" finished-at="2021-11-14T15:08:29 IST" duration-ms="28346" status="PASS">
          <reporter-output>
          </reporter-output>
        </test-method> <!-- ValidImagesTest -->
        <test-method signature="BrokenImageTest()[pri:2, instance:testcases.MediaRelase@4f2b503c]" started-at="2021-11-14T15:08:29 IST" name="BrokenImageTest" finished-at="2021-11-14T15:08:34 IST" duration-ms="5344" status="FAIL">
          <exception class="java.lang.AssertionError">
            <message>
              <![CDATA[expected [true] but found [false]]]>
            </message>
            <full-stacktrace>
              <![CDATA[java.lang.AssertionError: expected [true] but found [false]
at org.testng.Assert.fail(Assert.java:99)
at org.testng.Assert.failNotEquals(Assert.java:1037)
at org.testng.Assert.assertEqualsImpl(Assert.java:140)
at org.testng.Assert.assertEquals(Assert.java:122)
at org.testng.Assert.assertEquals(Assert.java:819)
at org.testng.Assert.assertEquals(Assert.java:829)
at testcases.MediaRelase.BrokenImageTest(MediaRelase.java:66)
at java.base/jdk.internal.reflect.NativeMethodAccessorImpl.invoke0(Native Method)
at java.base/jdk.internal.reflect.NativeMethodAccessorImpl.invoke(NativeMethodAccessorImpl.java:78)
at java.base/jdk.internal.reflect.DelegatingMethodAccessorImpl.invoke(DelegatingMethodAccessorImpl.java:43)
at java.base/java.lang.reflect.Method.invoke(Method.java:567)
at org.testng.internal.MethodInvocationHelper.invokeMethod(MethodInvocationHelper.java:133)
at org.testng.internal.TestInvoker.invokeMethod(TestInvoker.java:598)
at org.testng.internal.TestInvoker.invokeTestMethod(TestInvoker.java:173)
at org.testng.internal.MethodRunner.runInSequence(MethodRunner.java:46)
at org.testng.internal.TestInvoker$MethodInvocationAgent.invoke(TestInvoker.java:824)
at org.testng.internal.TestInvoker.invokeTestMethods(TestInvoker.java:146)
at org.testng.internal.TestMethodWorker.invokeTestMethods(TestMethodWorker.java:146)
at org.testng.internal.TestMethodWorker.run(TestMethodWorker.java:128)
at java.base/java.util.ArrayList.forEach(ArrayList.java:1511)
at org.testng.TestRunner.privateRun(TestRunner.java:794)
at org.testng.TestRunner.run(TestRunner.java:596)
at org.testng.SuiteRunner.runTest(SuiteRunner.java:377)
at org.testng.SuiteRunner.runSequentially(SuiteRunner.java:371)
at org.testng.SuiteRunner.privateRun(SuiteRunner.java:332)
at org.testng.SuiteRunner.run(SuiteRunner.java:276)
at org.testng.SuiteRunnerWorker.runSuite(SuiteRunnerWorker.java:53)
at org.testng.SuiteRunnerWorker.run(SuiteRunnerWorker.java:96)
at org.testng.TestNG.runSuitesSequentially(TestNG.java:1212)
at org.testng.TestNG.runSuitesLocally(TestNG.java:1134)
at org.testng.TestNG.runSuites(TestNG.java:1063)
at org.testng.TestNG.run(TestNG.java:1031)
at org.testng.remote.AbstractRemoteTestNG.run(AbstractRemoteTestNG.java:115)
at org.testng.remote.RemoteTestNG.initAndRun(RemoteTestNG.java:251)
at org.testng.remote.RemoteTestNG.main(RemoteTestNG.java:77)
]]>
            </full-stacktrace>
          </exception> <!-- java.lang.AssertionError -->
          <reporter-output>
          </reporter-output>
        </test-method> <!-- BrokenImageTest -->
      </class> <!-- testcases.MediaRelase -->
    </test> <!-- Media -->
    <test started-at="2021-11-14T15:08:35 IST" name="photoGallery" finished-at="2021-11-14T15:09:17 IST" duration-ms="42019">
      <class name="testcases.PhotoGallery">
        <test-method signature="paginationAndImageTest(java.lang.String,java.lang.String,java.lang.String)[pri:3, instance:testcases.PhotoGallery@506ae4d4]" started-at="2021-11-14T15:08:35 IST" name="paginationAndImageTest" finished-at="2021-11-14T15:09:04 IST" duration-ms="28419" status="PASS">
          <params>
            <param index="0">
              <value>
                <![CDATA[2245]]>
              </value>
            </param>
            <param index="1">
              <value>
                <![CDATA[value]]>
              </value>
            </param>
            <param index="2">
              <value>
                <![CDATA[3]]>
              </value>
            </param>
          </params>
          <reporter-output>
          </reporter-output>
        </test-method> <!-- paginationAndImageTest -->
        <test-method signature="PaginationTest()[pri:4, instance:testcases.PhotoGallery@506ae4d4]" started-at="2021-11-14T15:09:04 IST" name="PaginationTest" finished-at="2021-11-14T15:09:17 IST" duration-ms="13579" status="PASS">
          <reporter-output>
          </reporter-output>
        </test-method> <!-- PaginationTest -->
      </class> <!-- testcases.PhotoGallery -->
    </test> <!-- photoGallery -->
    <test started-at="2021-11-14T15:09:17 IST" name="publicationTest" finished-at="2021-11-14T15:10:40 IST" duration-ms="82760">
      <class name="testcases.Publication">
        <test-method signature="DocumentAvailabilityTest(java.lang.String,java.lang.String)[pri:5, instance:testcases.Publication@272113c4]" started-at="2021-11-14T15:09:17 IST" name="DocumentAvailabilityTest" finished-at="2021-11-14T15:09:42 IST" duration-ms="24254" status="PASS">
          <params>
            <param index="0">
              <value>
                <![CDATA[3]]>
              </value>
            </param>
            <param index="1">
              <value>
                <![CDATA[index]]>
              </value>
            </param>
          </params>
          <reporter-output>
          </reporter-output>
        </test-method> <!-- DocumentAvailabilityTest -->
        <test-method signature="PublicationDocumentVisibilityTest()[pri:6, instance:testcases.Publication@272113c4]" started-at="2021-11-14T15:09:42 IST" name="PublicationDocumentVisibilityTest" finished-at="2021-11-14T15:10:07 IST" duration-ms="25230" status="PASS">
          <reporter-output>
          </reporter-output>
        </test-method> <!-- PublicationDocumentVisibilityTest -->
        <test-method signature="ValidUrlTest()[pri:7, instance:testcases.Publication@272113c4]" started-at="2021-11-14T15:10:07 IST" name="ValidUrlTest" finished-at="2021-11-14T15:10:40 IST" duration-ms="33256" status="PASS">
          <reporter-output>
          </reporter-output>
        </test-method> <!-- ValidUrlTest -->
      </class> <!-- testcases.Publication -->
    </test> <!-- publicationTest -->
    <test started-at="2021-11-14T15:10:40 IST" name="tenderTest" finished-at="2021-11-14T15:12:00 IST" duration-ms="79349">
      <class name="testcases.Tender">
        <test-method signature="DocumentDownloadTest()[pri:8, instance:testcases.Tender@60bd273d]" started-at="2021-11-14T15:10:40 IST" name="DocumentDownloadTest" finished-at="2021-11-14T15:11:36 IST" duration-ms="55598" status="PASS">
          <reporter-output>
          </reporter-output>
        </test-method> <!-- DocumentDownloadTest -->
        <test-method signature="DocumenVisibilityTest()[pri:9, instance:testcases.Tender@60bd273d]" started-at="2021-11-14T15:11:36 IST" name="DocumenVisibilityTest" finished-at="2021-11-14T15:12:00 IST" duration-ms="23722" status="PASS">
          <reporter-output>
          </reporter-output>
        </test-method> <!-- DocumenVisibilityTest -->
      </class> <!-- testcases.Tender -->
    </test> <!-- tenderTest -->
    <test started-at="2021-11-14T15:12:00 IST" name="leaderTest" finished-at="2021-11-14T15:12:39 IST" duration-ms="39278">
      <class name="testcases.Leaders">
        <test-method signature="LinkTest()[pri:10, instance:testcases.Leaders@70e9c95d]" started-at="2021-11-14T15:12:00 IST" name="LinkTest" finished-at="2021-11-14T15:12:39 IST" duration-ms="39262" status="PASS">
          <reporter-output>
          </reporter-output>
        </test-method> <!-- LinkTest -->
      </class> <!-- testcases.Leaders -->
    </test> <!-- leaderTest -->
    <test started-at="2021-11-14T15:12:39 IST" name="MakeinindiaTest" finished-at="2021-11-14T15:13:14 IST" duration-ms="35011">
      <class name="testcases.MediaRelase">
        <test-method is-config="true" signature="setUp()[pri:0, instance:testcases.MediaRelase@4f2b503c]" started-at="2021-11-14T15:07:12 IST" name="setUp" finished-at="2021-11-14T15:08:00 IST" duration-ms="47836" status="PASS">
          <reporter-output>
          </reporter-output>
        </test-method> <!-- setUp -->
      </class> <!-- testcases.MediaRelase -->
      <class name="testcases.MakeInIndia">
        <test-method signature="ValidNaviagtionTest()[pri:11, instance:testcases.MakeInIndia@52719fb6]" started-at="2021-11-14T15:12:39 IST" name="ValidNaviagtionTest" finished-at="2021-11-14T15:13:14 IST" duration-ms="34995" status="PASS">
          <reporter-output>
          </reporter-output>
        </test-method> <!-- ValidNaviagtionTest -->
      </class> <!-- testcases.MakeInIndia -->
    </test> <!-- MakeinindiaTest -->
  </suite> <!-- Suite1 -->
</testng-results>
